2023-11-07T11:14:05.735+0800	DEBUG	web_app/main.go:35	logger init success ...
2023-11-07T11:15:46.001+0800	INFO	web_app/main.go:74	Shutdown Server ...
2023-11-07T11:15:46.001+0800	INFO	web_app/main.go:85	Server exiting
2023-11-07T11:15:54.243+0800	DEBUG	web_app/main.go:35	logger init success ...
2023-11-07T11:16:02.394+0800	INFO	web_app/main.go:74	Shutdown Server ...
2023-11-07T11:16:02.394+0800	INFO	web_app/main.go:85	Server exiting
2023-11-07T11:19:40.833+0800	DEBUG	web_app/main.go:35	logger init success ...
2023-11-07T11:19:44.968+0800	INFO	web_app/main.go:74	Shutdown Server ...
2023-11-07T11:19:44.968+0800	INFO	web_app/main.go:85	Server exiting
2023-11-07T11:22:33.453+0800	DEBUG	web_app/main.go:34	logger init success ...
2023-11-07T11:22:38.389+0800	INFO	web_app/main.go:73	Shutdown Server ...
2023-11-07T11:22:38.389+0800	INFO	web_app/main.go:84	Server exiting
2023-11-07T11:34:49.595+0800	DEBUG	web_app/main.go:35	logger init success ...
2023-11-07T11:34:51.695+0800	INFO	web_app/main.go:74	Shutdown Server ...
2023-11-07T11:34:51.696+0800	INFO	web_app/main.go:85	Server exiting
2023-11-07T11:34:58.518+0800	DEBUG	web_app/main.go:35	logger init success ...
2023-11-07T11:35:02.255+0800	INFO	web_app/main.go:74	Shutdown Server ...
2023-11-07T11:35:02.255+0800	INFO	web_app/main.go:85	Server exiting
2023-11-07T15:17:26.831+0800	DEBUG	web_app/main.go:35	logger init success ...
2023-11-07T15:19:21.082+0800	INFO	web_app/main.go:74	Shutdown Server ...
2023-11-07T15:19:21.082+0800	INFO	web_app/main.go:85	Server exiting
2023-11-07T15:20:31.687+0800	DEBUG	web_app/main.go:35	logger init success ...
2023-11-07T15:32:24.295+0800	INFO	web_app/main.go:74	Shutdown Server ...
2023-11-07T15:32:24.296+0800	INFO	web_app/main.go:85	Server exiting
2023-11-07T15:32:29.072+0800	DEBUG	web_app/main.go:35	logger init success ...
2023-11-07T15:33:06.765+0800	INFO	web_app/main.go:74	Shutdown Server ...
2023-11-07T15:33:06.765+0800	INFO	web_app/main.go:85	Server exiting
2023-11-07T15:33:10.800+0800	DEBUG	web_app/main.go:35	logger init success ...
2023-11-07T15:52:23.770+0800	INFO	web_app/main.go:74	Shutdown Server ...
2023-11-07T15:52:23.771+0800	INFO	web_app/main.go:85	Server exiting
2023-11-07T16:30:06.189+0800	DEBUG	web_app/main.go:35	logger init success ...
2023-11-07T16:32:02.980+0800	DEBUG	web_app/main.go:35	logger init success ...
2023-11-07T16:32:53.310+0800	INFO	web_app/main.go:74	Shutdown Server ...
2023-11-07T16:32:53.310+0800	INFO	web_app/main.go:85	Server exiting
2023-11-07T16:59:28.687+0800	DEBUG	web_app/main.go:35	logger init success ...
2023-11-07T17:03:29.761+0800	INFO	web_app/main.go:74	Shutdown Server ...
2023-11-07T17:03:29.761+0800	INFO	web_app/main.go:85	Server exiting
2023-11-07T17:14:13.423+0800	DEBUG	web_app/main.go:35	logger init success ...
2023-11-07T17:14:39.009+0800	INFO	logger/logger.go:72	/	{"status": 200, "method": "GET", "path": "/", "query": "", "ip": "127.0.0.1", "user-agent": "Mozilla/5.0 (Windows NT 10.0; Win64; x64) AppleWebKit/537.36 (KHTML, like Gecko) Chrome/119.0.0.0 Safari/537.36 Edg/119.0.0.0", "errors": "", "cost": 0.0009868}
2023-11-07T17:15:50.331+0800	INFO	web_app/main.go:74	Shutdown Server ...
2023-11-07T17:15:50.332+0800	INFO	web_app/main.go:85	Server exiting
2023-11-07T17:16:00.926+0800	DEBUG	web_app/main.go:35	logger init success ...
2023-11-07T17:16:04.239+0800	INFO	logger/logger.go:72	/	{"status": 200, "method": "GET", "path": "/", "query": "", "ip": "127.0.0.1", "user-agent": "Mozilla/5.0 (Windows NT 10.0; Win64; x64) AppleWebKit/537.36 (KHTML, like Gecko) Chrome/119.0.0.0 Safari/537.36 Edg/119.0.0.0", "errors": "", "cost": 0}
2023-11-07T17:16:04.308+0800	INFO	logger/logger.go:72	/favicon.ico	{"status": 404, "method": "GET", "path": "/favicon.ico", "query": "", "ip": "127.0.0.1", "user-agent": "Mozilla/5.0 (Windows NT 10.0; Win64; x64) AppleWebKit/537.36 (KHTML, like Gecko) Chrome/119.0.0.0 Safari/537.36 Edg/119.0.0.0", "errors": "", "cost": 0}
2023-11-07T17:16:30.546+0800	INFO	web_app/main.go:74	Shutdown Server ...
2023-11-07T17:16:30.546+0800	INFO	web_app/main.go:85	Server exiting
2023-11-07T17:16:31.447+0800	DEBUG	web_app/main.go:35	logger init success ...
2023-11-07T17:16:33.452+0800	INFO	web_app/main.go:74	Shutdown Server ...
2023-11-07T17:16:33.452+0800	INFO	web_app/main.go:85	Server exiting
2023-11-07T17:16:39.792+0800	DEBUG	web_app/main.go:35	logger init success ...
2023-11-07T17:16:43.667+0800	INFO	logger/logger.go:72	/	{"status": 200, "method": "GET", "path": "/", "query": "", "ip": "127.0.0.1", "user-agent": "Mozilla/5.0 (Windows NT 10.0; Win64; x64) AppleWebKit/537.36 (KHTML, like Gecko) Chrome/119.0.0.0 Safari/537.36 Edg/119.0.0.0", "errors": "", "cost": 0}
2023-11-07T17:17:32.087+0800	INFO	logger/logger.go:72	/	{"status": 200, "method": "GET", "path": "/", "query": "", "ip": "127.0.0.1", "user-agent": "Mozilla/5.0 (Windows NT 10.0; Win64; x64) AppleWebKit/537.36 (KHTML, like Gecko) Chrome/119.0.0.0 Safari/537.36 Edg/119.0.0.0", "errors": "", "cost": 0}
2023-11-07T17:18:00.156+0800	INFO	web_app/main.go:74	Shutdown Server ...
2023-11-07T17:18:00.157+0800	INFO	web_app/main.go:85	Server exiting
2023-11-07T19:12:12.352+0800	DEBUG	web_app/main.go:40	logger init success ...
2023-11-07T19:12:15.687+0800	INFO	web_app/main.go:79	Shutdown Server ...
2023-11-07T19:12:15.687+0800	INFO	web_app/main.go:90	Server exiting
2023-11-07T19:16:56.764+0800	DEBUG	web_app/main.go:35	logger init success ...
2023-11-07T19:17:02.070+0800	INFO	web_app/main.go:74	Shutdown Server ...
2023-11-07T19:17:02.071+0800	INFO	web_app/main.go:85	Server exiting
2023-11-07T19:17:52.768+0800	DEBUG	web_app/main.go:35	logger init success ...
2023-11-07T19:19:59.194+0800	INFO	web_app/main.go:74	Shutdown Server ...
2023-11-07T19:19:59.196+0800	INFO	web_app/main.go:85	Server exiting
2023-11-07T20:52:32.507+0800	DEBUG	GoWeb_CLD/main.go:35	logger init success ...
2023-11-07T20:52:54.969+0800	INFO	GoWeb_CLD/main.go:74	Shutdown Server ...
2023-11-07T20:52:54.969+0800	INFO	GoWeb_CLD/main.go:85	Server exiting
2023-11-07T20:52:56.134+0800	DEBUG	GoWeb_CLD/main.go:35	logger init success ...
2023-11-07T20:52:56.176+0800	ERROR	mysql/mysql.go:27	connect DB failed	{"error": "Error 1045 (28000): Access denied for user 'gosql'@'106.39.130.6' (using password: YES)"}
2023-11-07T20:53:02.752+0800	INFO	GoWeb_CLD/main.go:74	Shutdown Server ...
2023-11-07T20:53:02.753+0800	INFO	GoWeb_CLD/main.go:85	Server exiting
2023-11-07T20:53:19.507+0800	DEBUG	GoWeb_CLD/main.go:35	logger init success ...
2023-11-07T20:53:21.666+0800	INFO	GoWeb_CLD/main.go:74	Shutdown Server ...
2023-11-07T20:53:21.667+0800	INFO	GoWeb_CLD/main.go:85	Server exiting
2023-11-07T20:56:41.957+0800	DEBUG	GoWeb_CLD/main.go:35	logger init success ...
2023-11-07T20:56:43.267+0800	INFO	GoWeb_CLD/main.go:74	Shutdown Server ...
2023-11-07T20:56:43.267+0800	INFO	GoWeb_CLD/main.go:85	Server exiting
2023-11-07T20:57:14.946+0800	DEBUG	GoWeb_CLD/main.go:35	logger init success ...
2023-11-07T20:57:16.410+0800	INFO	GoWeb_CLD/main.go:74	Shutdown Server ...
2023-11-07T20:57:16.410+0800	INFO	GoWeb_CLD/main.go:85	Server exiting
2023-11-07T20:57:27.524+0800	DEBUG	GoWeb_CLD/main.go:35	logger init success ...
2023-11-07T20:57:28.852+0800	INFO	GoWeb_CLD/main.go:74	Shutdown Server ...
2023-11-07T20:57:28.852+0800	INFO	GoWeb_CLD/main.go:85	Server exiting
